0 info it worked if it ends with ok
1 verbose cli [ '/usr/local/bin/node',
1 verbose cli   '/usr/local/bin/npm',
1 verbose cli   'run',
1 verbose cli   'ionic:serve',
1 verbose cli   '--',
1 verbose cli   '--v2',
1 verbose cli   '--lab',
1 verbose cli   '--address',
1 verbose cli   '0.0.0.0',
1 verbose cli   '--port',
1 verbose cli   '8100',
1 verbose cli   '--livereload-port',
1 verbose cli   '35729' ]
2 info using npm@4.0.5
3 info using node@v6.9.3
4 verbose run-script [ 'preionic:serve', 'ionic:serve', 'postionic:serve' ]
5 info lifecycle mapapp@~preionic:serve: mapapp@
6 silly lifecycle mapapp@~preionic:serve: no script for preionic:serve, continuing
7 info lifecycle mapapp@~ionic:serve: mapapp@
8 verbose lifecycle mapapp@~ionic:serve: unsafe-perm in lifecycle true
9 verbose lifecycle mapapp@~ionic:serve: PATH: /usr/local/lib/node_modules/npm/bin/node-gyp-bin:/Users/MacBook/Documents/MapInteraction-app/node_modules/.bin:/usr/local/bin:/usr/bin:/bin:/usr/sbin:/sbin
10 verbose lifecycle mapapp@~ionic:serve: CWD: /Users/MacBook/Documents/MapInteraction-app
11 silly lifecycle mapapp@~ionic:serve: Args: [ '-c',
11 silly lifecycle   'ionic-app-scripts serve "--v2" "--lab" "--address" "0.0.0.0" "--port" "8100" "--livereload-port" "35729"' ]
12 silly lifecycle mapapp@~ionic:serve: Returned: code: 1  signal: null
13 info lifecycle mapapp@~ionic:serve: Failed to exec ionic:serve script
14 verbose stack Error: mapapp@ ionic:serve: `ionic-app-scripts serve "--v2" "--lab" "--address" "0.0.0.0" "--port" "8100" "--livereload-port" "35729"`
14 verbose stack Exit status 1
14 verbose stack     at EventEmitter.<anonymous> (/usr/local/lib/node_modules/npm/lib/utils/lifecycle.js:279:16)
14 verbose stack     at emitTwo (events.js:106:13)
14 verbose stack     at EventEmitter.emit (events.js:191:7)
14 verbose stack     at ChildProcess.<anonymous> (/usr/local/lib/node_modules/npm/lib/utils/spawn.js:40:14)
14 verbose stack     at emitTwo (events.js:106:13)
14 verbose stack     at ChildProcess.emit (events.js:191:7)
14 verbose stack     at maybeClose (internal/child_process.js:877:16)
14 verbose stack     at Process.ChildProcess._handle.onexit (internal/child_process.js:226:5)
15 verbose pkgid mapapp@
16 verbose cwd /Users/MacBook/Documents/MapInteraction-app
17 error Darwin 16.3.0
18 error argv "/usr/local/bin/node" "/usr/local/bin/npm" "run" "ionic:serve" "--" "--v2" "--lab" "--address" "0.0.0.0" "--port" "8100" "--livereload-port" "35729"
19 error node v6.9.3
20 error npm  v4.0.5
21 error code ELIFECYCLE
22 error mapapp@ ionic:serve: `ionic-app-scripts serve "--v2" "--lab" "--address" "0.0.0.0" "--port" "8100" "--livereload-port" "35729"`
22 error Exit status 1
23 error Failed at the mapapp@ ionic:serve script 'ionic-app-scripts serve "--v2" "--lab" "--address" "0.0.0.0" "--port" "8100" "--livereload-port" "35729"'.
23 error Make sure you have the latest version of node.js and npm installed.
23 error If you do, this is most likely a problem with the mapapp package,
23 error not with npm itself.
23 error Tell the author that this fails on your system:
23 error     ionic-app-scripts serve "--v2" "--lab" "--address" "0.0.0.0" "--port" "8100" "--livereload-port" "35729"
23 error You can get information on how to open an issue for this project with:
23 error     npm bugs mapapp
23 error Or if that isn't available, you can get their info via:
23 error     npm owner ls mapapp
23 error There is likely additional logging output above.
24 verbose exit [ 1, true ]
